#
# There is insufficient memory for the Java Runtime Environment to continue.
# Native memory allocation (malloc) failed to allocate 32744 bytes for ChunkPool::allocate
# Possible reasons:
#   The system is out of physical RAM or swap space
#   In 32 bit mode, the process size limit was hit
# Possible solutions:
#   Reduce memory load on the system
#   Increase physical memory or swap space
#   Check if swap backing store is full
#   Use 64 bit Java on a 64 bit OS
#   Decrease Java heap size (-Xmx/-Xms)
#   Decrease number of Java threads
#   Decrease Java thread stack sizes (-Xss)
#   Set larger code cache with -XX:ReservedCodeCacheSize=
# This output file may be truncated or incomplete.
#
#  Out of Memory Error (allocation.cpp:273), pid=224, tid=0x0000000000001b40
#
# JRE version: Java(TM) SE Runtime Environment (8.0_111-b14) (build 1.8.0_111-b14)
# Java VM: Java HotSpot(TM) 64-Bit Server VM (25.111-b14 mixed mode windows-amd64 compressed oops)
# Failed to write core dump. Minidumps are not enabled by default on client versions of Windows
#

---------------  T H R E A D  ---------------

Current thread (0x00000000152ff000):  JavaThread "C2 CompilerThread0" daemon [_thread_in_native, id=6976, stack(0x0000000016960000,0x0000000016a60000)]

Stack: [0x0000000016960000,0x0000000016a60000]
[error occurred during error reporting (printing stack bounds), id 0xc0000005]

Native frames: (J=compiled Java code, j=interpreted, Vv=VM code, C=native code)


Current CompileTask:
C2:  20295 1836       4       javax.swing.plaf.nimbus.NimbusStyle::validate (1178 bytes)


---------------  P R O C E S S  ---------------

Java Threads: ( => current thread )
  0x0000000016f65000 JavaThread "TimerQueue" daemon [_thread_blocked, id=4152, stack(0x000000001d590000,0x000000001d690000)]
  0x0000000017a3c000 JavaThread "Abandoned connection cleanup thread" daemon [_thread_blocked, id=9324, stack(0x000000001d490000,0x000000001d590000)]
  0x0000000017552800 JavaThread "D3D Screen Updater" daemon [_thread_blocked, id=3796, stack(0x000000001ad40000,0x000000001ae40000)]
  0x0000000002fe1000 JavaThread "DestroyJavaVM" [_thread_blocked, id=10144, stack(0x0000000002e50000,0x0000000002f50000)]
  0x0000000017431000 JavaThread "AWT-EventQueue-0" [_thread_in_native, id=3712, stack(0x0000000018470000,0x0000000018570000)]
  0x0000000017419000 JavaThread "AWT-Windows" daemon [_thread_in_native, id=2620, stack(0x0000000017db0000,0x0000000017eb0000)]
  0x0000000017415000 JavaThread "AWT-Shutdown" [_thread_blocked, id=3640, stack(0x0000000017cb0000,0x0000000017db0000)]
  0x0000000017414800 JavaThread "Java2D Disposer" daemon [_thread_blocked, id=3232, stack(0x0000000017bb0000,0x0000000017cb0000)]
  0x0000000016c8f000 JavaThread "Service Thread" daemon [_thread_blocked, id=4964, stack(0x0000000017060000,0x0000000017160000)]
  0x0000000015311800 JavaThread "C1 CompilerThread2" daemon [_thread_blocked, id=2864, stack(0x0000000016b60000,0x0000000016c60000)]
  0x0000000015302000 JavaThread "C2 CompilerThread1" daemon [_thread_blocked, id=7408, stack(0x0000000016a60000,0x0000000016b60000)]
=>0x00000000152ff000 JavaThread "C2 CompilerThread0" daemon [_thread_in_native, id=6976, stack(0x0000000016960000,0x0000000016a60000)]
  0x00000000152fe000 JavaThread "Attach Listener" daemon [_thread_blocked, id=4752, stack(0x0000000016860000,0x0000000016960000)]
  0x00000000152fc800 JavaThread "Signal Dispatcher" daemon [_thread_blocked, id=2416, stack(0x0000000016760000,0x0000000016860000)]
  0x00000000030db000 JavaThread "Finalizer" daemon [_thread_blocked, id=2064, stack(0x0000000016550000,0x0000000016650000)]
  0x00000000030d2000 JavaThread "Reference Handler" daemon [_thread_blocked, id=5176, stack(0x0000000016450000,0x0000000016550000)]

Other Threads:
  0x00000000152c7000 VMThread [stack: 0x0000000016350000,0x0000000016450000] [id=724]
  0x0000000016cba800 WatcherThread [stack: 0x00000000172b0000,0x00000000173b0000] [id=3860]

VM state:not at safepoint (normal execution)

VM Mutex/Monitor currently owned by a thread: None

Heap:
 PSYoungGen      total 16896K, used 16560K [0x00000000ed580000, 0x00000000ee800000, 0x0000000100000000)
  eden space 14848K, 97% used [0x00000000ed580000,0x00000000ee3b4168,0x00000000ee400000)
  from space 2048K, 98% used [0x00000000ee400000,0x00000000ee5f8000,0x00000000ee600000)
  to   space 2048K, 0% used [0x00000000ee600000,0x00000000ee600000,0x00000000ee800000)
 ParOldGen       total 38400K, used 24K [0x00000000c8000000, 0x00000000ca580000, 0x00000000ed580000)
  object space 38400K, 0% used [0x00000000c8000000,0x00000000c8006000,0x00000000ca580000)
 Metaspace       used 17278K, capacity 17498K, committed 17664K, reserved 1064960K
  class space    used 2145K, capacity 2218K, committed 2304K, reserved 1048576K

Card table byte_map: [0x00000000124a0000,0x0000000012670000] byte_map_base: 0x0000000011e60000

Marking Bits: (ParMarkBitMap*) 0x000000005458a6c0
 Begin Bits: [0x0000000012ba0000, 0x00000000139a0000)
 End Bits:   [0x00000000139a0000, 0x00000000147a0000)

Polling page: 0x00000000014e0000

CodeCache: size=245760Kb used=6067Kb max_used=6082Kb free=239692Kb
 bounds [0x00000000030e0000, 0x00000000036e0000, 0x00000000120e0000]
 total_blobs=2413 nmethods=1836 adapters=489
 compilation: enabled

Compilation events (10 events):
Event: 20.206 Thread 0x0000000015311800 1833       1       java.util.concurrent.locks.AbstractQueuedSynchronizer::compareAndSetState (13 bytes)
Event: 20.206 Thread 0x0000000015311800 nmethod 1833 0x00000000036ccdd0 code [0x00000000036ccf20, 0x00000000036cd050]
Event: 20.208 Thread 0x0000000015311800 1834       1       javax.swing.JInternalFrame::isSelected (5 bytes)
Event: 20.208 Thread 0x0000000015311800 nmethod 1834 0x00000000036cd090 code [0x00000000036cd1e0, 0x00000000036cd2f0]
Event: 20.221 Thread 0x0000000015311800 1835       3       java.awt.geom.RoundRectIterator::isDone (17 bytes)
Event: 20.221 Thread 0x0000000015311800 nmethod 1835 0x00000000036cd350 code [0x00000000036cd4a0, 0x00000000036cd670]
Event: 20.221 Thread 0x00000000152ff000 1836       4       javax.swing.plaf.nimbus.NimbusStyle::validate (1178 bytes)
Event: 20.221 Thread 0x0000000015311800 1837       1       javax.swing.JComponent::isOptimizedDrawingEnabled (2 bytes)
Event: 20.221 Thread 0x0000000015311800 nmethod 1837 0x00000000036cd710 code [0x00000000036cd860, 0x00000000036cd970]
Event: 20.223 Thread 0x0000000015302000 nmethod 1831 0x00000000036d1950 code [0x00000000036d1be0, 0x00000000036d2ec8]

GC Heap History (2 events):
Event: 6.563 GC heap before
{Heap before GC invocations=1 (full 0):
 PSYoungGen      total 16896K, used 10842K [0x00000000ed580000, 0x00000000ee800000, 0x0000000100000000)
  eden space 14848K, 73% used [0x00000000ed580000,0x00000000ee0169a0,0x00000000ee400000)
  from space 2048K, 0% used [0x00000000ee600000,0x00000000ee600000,0x00000000ee800000)
  to   space 2048K, 0% used [0x00000000ee400000,0x00000000ee400000,0x00000000ee600000)
 ParOldGen       total 38400K, used 0K [0x00000000c8000000, 0x00000000ca580000, 0x00000000ed580000)
  object space 38400K, 0% used [0x00000000c8000000,0x00000000c8000000,0x00000000ca580000)
 Metaspace       used 12729K, capacity 12916K, committed 13056K, reserved 1060864K
  class space    used 1654K, capacity 1736K, committed 1792K, reserved 1048576K
Event: 6.568 GC heap after
Heap after GC invocations=1 (full 0):
 PSYoungGen      total 16896K, used 2016K [0x00000000ed580000, 0x00000000ee800000, 0x0000000100000000)
  eden space 14848K, 0% used [0x00000000ed580000,0x00000000ed580000,0x00000000ee400000)
  from space 2048K, 98% used [0x00000000ee400000,0x00000000ee5f8000,0x00000000ee600000)
  to   space 2048K, 0% used [0x00000000ee600000,0x00000000ee600000,0x00000000ee800000)
 ParOldGen       total 38400K, used 24K [0x00000000c8000000, 0x00000000ca580000, 0x00000000ed580000)
  object space 38400K, 0% used [0x00000000c8000000,0x00000000c8006000,0x00000000ca580000)
 Metaspace       used 12729K, capacity 12916K, committed 13056K, reserved 1060864K
  class space    used 1654K, capacity 1736K, committed 1792K, reserved 1048576K
}

Deoptimization events (10 events):
Event: 8.210 Thread 0x0000000017431000 Uncommon trap: reason=unstable_if action=reinterpret pc=0x00000000033c3bf8 method=sun.java2d.pipe.BufferedContext.validate(Lsun/java2d/pipe/hw/AccelSurface;Lsun/java2d/pipe/hw/AccelSurface;Lsun/java2d/pipe/Region;Ljava/awt/Composite;Ljava/awt/geom/AffineT
Event: 8.223 Thread 0x0000000017431000 Uncommon trap: reason=unstable_if action=reinterpret pc=0x000000000346c4c0 method=javax.swing.JComponent.getClientProperty(Ljava/lang/Object;)Ljava/lang/Object; @ 16
Event: 9.204 Thread 0x0000000017431000 Uncommon trap: reason=unstable_if action=reinterpret pc=0x00000000032e6fd8 method=java.util.HashMap.putVal(ILjava/lang/Object;Ljava/lang/Object;ZZ)Ljava/lang/Object; @ 109
Event: 9.317 Thread 0x0000000017431000 Uncommon trap: reason=unstable_if action=reinterpret pc=0x00000000033b7170 method=java.awt.geom.AffineTransform.equals(Ljava/lang/Object;)Z @ 23
Event: 19.833 Thread 0x0000000017431000 Uncommon trap: reason=unstable_if action=reinterpret pc=0x00000000035872f0 method=java.util.Properties.loadConvert([CII[C)Ljava/lang/String; @ 4
Event: 19.834 Thread 0x0000000017431000 Uncommon trap: reason=unstable_if action=reinterpret pc=0x0000000003586300 method=java.util.Properties$LineReader.readLine()I @ 252
Event: 19.935 Thread 0x0000000017431000 Uncommon trap: reason=unstable_if action=reinterpret pc=0x000000000366eee0 method=java.util.Properties$LineReader.readLine()I @ 174
Event: 20.200 Thread 0x0000000017431000 Uncommon trap: reason=class_check action=maybe_recompile pc=0x00000000033a1794 method=java.util.concurrent.locks.AbstractQueuedSynchronizer.release(I)Z @ 2
Event: 20.206 Thread 0x0000000017431000 Uncommon trap: reason=class_check action=maybe_recompile pc=0x00000000033a1794 method=java.util.concurrent.locks.AbstractQueuedSynchronizer.release(I)Z @ 2
Event: 20.237 Thread 0x0000000017431000 Uncommon trap: reason=unstable_if action=reinterpret pc=0x00000000036d2d44 method=sun.java2d.pipe.BufferedContext.validate(Lsun/java2d/pipe/hw/AccelSurface;Lsun/java2d/pipe/hw/AccelSurface;Lsun/java2d/pipe/Region;Ljava/awt/Composite;Ljava/awt/geom/AffineT

Internal exceptions (10 events):
Event: 0.436 Thread 0x0000000002fe1000 Exception <a 'java/lang/ClassNotFoundException': ToolTip> (0x00000000ed8f5308) thrown at [C:\re\workspace\8-2-build-windows-amd64-cygwin\jdk8u111\7883\hotspot\src\share\vm\classfile\systemDictionary.cpp, line 210]
Event: 0.437 Thread 0x0000000002fe1000 Exception <a 'java/lang/ClassNotFoundException': Tree> (0x00000000ed8f5f28) thrown at [C:\re\workspace\8-2-build-windows-amd64-cygwin\jdk8u111\7883\hotspot\src\share\vm\classfile\systemDictionary.cpp, line 210]
Event: 0.437 Thread 0x0000000002fe1000 Exception <a 'java/lang/ClassNotFoundException': Tree> (0x00000000ed8f6668) thrown at [C:\re\workspace\8-2-build-windows-amd64-cygwin\jdk8u111\7883\hotspot\src\share\vm\classfile\systemDictionary.cpp, line 210]
Event: 0.438 Thread 0x0000000002fe1000 Exception <a 'java/lang/ClassNotFoundException': javax/swing/JTreeCell> (0x00000000ed8f69e8) thrown at [C:\re\workspace\8-2-build-windows-amd64-cygwin\jdk8u111\7883\hotspot\src\share\vm\classfile\systemDictionary.cpp, line 210]
Event: 0.438 Thread 0x0000000002fe1000 Exception <a 'java/lang/ClassNotFoundException': TreeCell> (0x00000000ed8f6e70) thrown at [C:\re\workspace\8-2-build-windows-amd64-cygwin\jdk8u111\7883\hotspot\src\share\vm\classfile\systemDictionary.cpp, line 210]
Event: 0.438 Thread 0x0000000002fe1000 Exception <a 'java/lang/ClassNotFoundException': RootPane> (0x00000000ed8f78d0) thrown at [C:\re\workspace\8-2-build-windows-amd64-cygwin\jdk8u111\7883\hotspot\src\share\vm\classfile\systemDictionary.cpp, line 210]
Event: 9.476 Thread 0x0000000017431000 Exception <a 'java/lang/OutOfMemoryError': (class: com/mysql/jdbc/ConnectionImpl, method: setAutoCommit signature: (Z)V) > (0x00000000edef2c58) thrown at [C:\re\workspace\8-2-build-windows-amd64-cygwin\jdk8u111\7883\hotspot\src\share\vm\classfile\verifier
Event: 9.476 Thread 0x0000000017431000 Exception <a 'java/lang/OutOfMemoryError'> (0x00000000edef2c58) thrown at [C:\re\workspace\8-2-build-windows-amd64-cygwin\jdk8u111\7883\hotspot\src\share\vm\prims\jvm.cpp, line 1390]
Event: 9.476 Thread 0x0000000017431000 Exception <a 'java/lang/OutOfMemoryError'> (0x00000000edef2c58) thrown at [C:\re\workspace\8-2-build-windows-amd64-cygwin\jdk8u111\7883\hotspot\src\share\vm\prims\jvm.cpp, line 1390]
Event: 20.237 Thread 0x0000000017431000 Implicit null exception at 0x00000000036d207d to 0x00000000036d2d2d

Events (10 events):
Event: 20.200 Thread 0x0000000017431000 DEOPT PACKING pc=0x00000000033a1794 sp=0x000000001856bc70
Event: 20.200 Thread 0x0000000017431000 DEOPT UNPACKING pc=0x000000000312582a sp=0x000000001856bc18 mode 2
Event: 20.206 Thread 0x0000000017431000 Uncommon trap: trap_request=0xffffffde fr.pc=0x00000000033a1794
Event: 20.206 Thread 0x0000000017431000 DEOPT PACKING pc=0x00000000033a1794 sp=0x000000001856bc70
Event: 20.206 Thread 0x0000000017431000 DEOPT UNPACKING pc=0x000000000312582a sp=0x000000001856bc18 mode 2
Event: 20.208 loading class javax/swing/plaf/nimbus/InternalFrameTitlePaneMenuButtonPainter
Event: 20.219 loading class javax/swing/plaf/nimbus/InternalFrameTitlePaneMenuButtonPainter done
Event: 20.237 Thread 0x0000000017431000 Uncommon trap: trap_request=0xffffff65 fr.pc=0x00000000036d2d44
Event: 20.237 Thread 0x0000000017431000 DEOPT PACKING pc=0x00000000036d2d44 sp=0x000000001856b580
Event: 20.237 Thread 0x0000000017431000 DEOPT UNPACKING pc=0x000000000312582a sp=0x000000001856b508 mode 2


Dynamic libraries:
0x00007ff767190000 - 0x00007ff7671c7000 	C:\Program Files\Java\jdk1.8.0_111\bin\java.exe
0x00007ff9b3360000 - 0x00007ff9b3541000 	C:\Windows\SYSTEM32\ntdll.dll
0x00007ff9b30e0000 - 0x00007ff9b3192000 	C:\Windows\System32\KERNEL32.DLL
0x00007ff9b2e60000 - 0x00007ff9b30d3000 	C:\Windows\System32\KERNELBASE.dll
0x00007ff9b17a0000 - 0x00007ff9b1841000 	C:\Windows\System32\ADVAPI32.dll
0x00007ff9b0530000 - 0x00007ff9b05ce000 	C:\Windows\System32\msvcrt.dll
0x00007ff9b1180000 - 0x00007ff9b11db000 	C:\Windows\System32\sechost.dll
0x00007ff9b1220000 - 0x00007ff9b1344000 	C:\Windows\System32\RPCRT4.dll
0x00007ff9b31a0000 - 0x00007ff9b3330000 	C:\Windows\System32\USER32.dll
0x00007ff9af750000 - 0x00007ff9af770000 	C:\Windows\System32\win32u.dll
0x00007ff9b11f0000 - 0x00007ff9b1218000 	C:\Windows\System32\GDI32.dll
0x00007ff9b0390000 - 0x00007ff9b0522000 	C:\Windows\System32\gdi32full.dll
0x00007ff9af770000 - 0x00007ff9af80f000 	C:\Windows\System32\msvcp_win.dll
0x00007ff9aff20000 - 0x00007ff9b001a000 	C:\Windows\System32\ucrtbase.dll
0x00007ff9a15c0000 - 0x00007ff9a1829000 	C:\Windows\WinSxS\amd64_microsoft.windows.common-controls_6595b64144ccf1df_6.0.17134.112_none_fb3f961b30681c12\COMCTL32.dll
0x00007ff9b07b0000 - 0x00007ff9b0ad3000 	C:\Windows\System32\combase.dll
0x00007ff9b02c0000 - 0x00007ff9b033a000 	C:\Windows\System32\bcryptPrimitives.dll
0x00007ff9b18c0000 - 0x00007ff9b18ed000 	C:\Windows\System32\IMM32.DLL
0x0000000053c90000 - 0x0000000053d62000 	C:\Program Files\Java\jdk1.8.0_111\jre\bin\msvcr100.dll
0x0000000053d70000 - 0x000000005460a000 	C:\Program Files\Java\jdk1.8.0_111\jre\bin\server\jvm.dll
0x00007ff9b18b0000 - 0x00007ff9b18b8000 	C:\Windows\System32\PSAPI.DLL
0x00007ff9ad8c0000 - 0x00007ff9ad8e3000 	C:\Windows\SYSTEM32\WINMM.dll
0x00007ff9a6ab0000 - 0x00007ff9a6aba000 	C:\Windows\SYSTEM32\VERSION.dll
0x00007ff9a30c0000 - 0x00007ff9a30c9000 	C:\Windows\SYSTEM32\WSOCK32.dll
0x00007ff9b0ee0000 - 0x00007ff9b0f4c000 	C:\Windows\System32\WS2_32.dll
0x00007ff9ad890000 - 0x00007ff9ad8ba000 	C:\Windows\SYSTEM32\winmmbase.dll
0x00007ff9b0340000 - 0x00007ff9b0389000 	C:\Windows\System32\cfgmgr32.dll
0x0000000053c40000 - 0x0000000053c4f000 	C:\Program Files\Java\jdk1.8.0_111\jre\bin\verify.dll
0x0000000053c10000 - 0x0000000053c39000 	C:\Program Files\Java\jdk1.8.0_111\jre\bin\java.dll
0x0000000053bf0000 - 0x0000000053c06000 	C:\Program Files\Java\jdk1.8.0_111\jre\bin\zip.dll
0x00007ff9b19e0000 - 0x00007ff9b2e20000 	C:\Windows\System32\SHELL32.dll
0x00007ff9b0e30000 - 0x00007ff9b0ed9000 	C:\Windows\System32\shcore.dll
0x00007ff9af810000 - 0x00007ff9aff1d000 	C:\Windows\System32\windows.storage.dll
0x00007ff9b0bb0000 - 0x00007ff9b0c01000 	C:\Windows\System32\shlwapi.dll
0x00007ff9af630000 - 0x00007ff9af641000 	C:\Windows\System32\kernel.appcore.dll
0x00007ff9af650000 - 0x00007ff9af66f000 	C:\Windows\System32\profapi.dll
0x00007ff9af690000 - 0x00007ff9af6dc000 	C:\Windows\System32\powrprof.dll
0x00007ff9af6e0000 - 0x00007ff9af6ea000 	C:\Windows\System32\FLTLIB.DLL
0x0000000053a10000 - 0x0000000053ba8000 	C:\Program Files\Java\jdk1.8.0_111\jre\bin\awt.dll
0x00007ff9b0ae0000 - 0x00007ff9b0ba2000 	C:\Windows\System32\OLEAUT32.dll
0x00007ff9ad6a0000 - 0x00007ff9ad72b000 	C:\Windows\SYSTEM32\apphelp.dll
0x00007ff9adae0000 - 0x00007ff9adb78000 	C:\Windows\system32\uxtheme.dll
0x00007ff9b0630000 - 0x00007ff9b07a5000 	C:\Windows\System32\MSCTF.dll
0x00007ff9add30000 - 0x00007ff9add59000 	C:\Windows\system32\dwmapi.dll
0x00007ff9b0f50000 - 0x00007ff9b10a1000 	C:\Windows\System32\ole32.dll
0x00000000539c0000 - 0x0000000053a07000 	C:\Program Files\Java\jdk1.8.0_111\jre\bin\fontmanager.dll
0x00007ff98af20000 - 0x00007ff98b0b7000 	C:\Windows\system32\d3d9.dll
0x00007ff9a1900000 - 0x00007ff9a207e000 	C:\Windows\SYSTEM32\d3d10warp.dll
0x0000000053bd0000 - 0x0000000053bea000 	C:\Program Files\Java\jdk1.8.0_111\jre\bin\net.dll
0x00007ff9aeeb0000 - 0x00007ff9aef16000 	C:\Windows\system32\mswsock.dll
0x0000000053bb0000 - 0x0000000053bc1000 	C:\Program Files\Java\jdk1.8.0_111\jre\bin\nio.dll
0x0000000053970000 - 0x00000000539b2000 	C:\Program Files\Java\jdk1.8.0_111\jre\bin\t2k.dll
0x00007ff9aa310000 - 0x00007ff9aa3a8000 	C:\Windows\System32\TextInputFramework.dll
0x00007ff9ab460000 - 0x00007ff9ab77e000 	C:\Windows\System32\CoreUIComponents.dll
0x00007ff9ad140000 - 0x00007ff9ad21a000 	C:\Windows\System32\CoreMessaging.dll
0x00007ff9ae460000 - 0x00007ff9ae491000 	C:\Windows\SYSTEM32\ntmarta.dll
0x00007ff9ab310000 - 0x00007ff9ab45d000 	C:\Windows\SYSTEM32\wintypes.dll
0x0000000053930000 - 0x000000005395a000 	C:\Program Files\Java\jdk1.8.0_111\jre\bin\dcpr.dll
0x00007ff9aec70000 - 0x00007ff9aed2e000 	C:\Windows\SYSTEM32\DNSAPI.dll
0x00007ff9b10d0000 - 0x00007ff9b10d8000 	C:\Windows\System32\NSI.dll
0x00007ff9aec30000 - 0x00007ff9aec68000 	C:\Windows\SYSTEM32\IPHLPAPI.DLL
0x00007ff9a8420000 - 0x00007ff9a842a000 	C:\Windows\System32\rasadhlp.dll
0x00007ff9abbe0000 - 0x00007ff9abc52000 	C:\Windows\System32\fwpuclnt.dll
0x00007ff9af190000 - 0x00007ff9af1b5000 	C:\Windows\SYSTEM32\bcrypt.dll
0x00007ff9b10e0000 - 0x00007ff9b1180000 	C:\Windows\System32\clbcatq.dll
0x00007ff9ab9b0000 - 0x00007ff9abb5e000 	C:\Windows\SYSTEM32\WindowsCodecs.dll
0x00007ff991aa0000 - 0x00007ff991af8000 	C:\Windows\system32\dataexchange.dll
0x00007ff9acfa0000 - 0x00007ff9ad13c000 	C:\Windows\system32\dcomp.dll
0x00007ff9ac6c0000 - 0x00007ff9ac9cb000 	C:\Windows\system32\d3d11.dll
0x00007ff9ae520000 - 0x00007ff9ae5db000 	C:\Windows\system32\dxgi.dll
0x00007ff9ade70000 - 0x00007ff9ae028000 	C:\Windows\system32\twinapi.appcore.dll
0x00007ff9ade10000 - 0x00007ff9ade31000 	C:\Windows\system32\RMCLIENT.dll

VM Arguments:
jvm_args: -Dfile.encoding=UTF-8 
java_command: view.TelaInicial
java_class_path (initial): C:\Program Files\NetBeans 8.2\ide\modules\ext\mysql-connector-java-5.1.23-bin.jar;C:\Users\631820107\Desktop\trabalhoAlgoritmos2\build\classes
Launcher Type: SUN_STANDARD

Environment Variables:
PATH=C:\APP\Python\37\Scripts\;C:\APP\Python\37\;C:\Program Files (x86)\Common Files\Oracle\Java\javapath;C:\Windows\system32;C:\Windows;C:\Windows\System32\Wbem;C:\Windows\System32\WindowsPowerShell\v1.0\;C:\Windows\System32\OpenSSH\;C:\APP\xampp\php;C:\APP\composer;C:\APP\PuTTY\;C:\Program Files\Microsoft VS Code\bin;C:\APP\npm;C:\APP\composer;C:\Program Files\Microsoft SQL Server\Client SDK\ODBC\130\Tools\Binn\;C:\Program Files (x86)\Microsoft SQL Server\140\Tools\Binn\;C:\Program Files\Microsoft SQL Server\140\Tools\Binn\;C:\Program Files\Microsoft SQL Server\140\DTS\Binn\;C:\Program Files (x86)\Microsoft SQL Server\Client SDK\ODBC\130\Tools\Binn\;C:\Program Files (x86)\Microsoft SQL Server\140\DTS\Binn\;C:\Program Files (x86)\Microsoft SQL Server\140\Tools\Binn\ManagementStudio\;C:\Program Files\dotnet\;C:\Program Files\Microsoft SQL Server\130\Tools\Binn\;C:\Program Files\nodejs\;C:\Program Files\Git\cmd;C:\Users\631820107\AppData\Local\Microsoft\WindowsApps;C:\Program Files\heroku\bin;C:\Users\Administrador\AppData\Roaming\Composer\vendor\bin;C:\Users\Administrador\AppData\Roaming\npm
USERNAME=631820107
OS=Windows_NT
PROCESSOR_IDENTIFIER=AMD64 Family 16 Model 4 Stepping 3, AuthenticAMD



---------------  S Y S T E M  ---------------

OS: Windows 10.0 , 64 bit Build 17134 (10.0.17134.1)

CPU:total 4 (4 cores per cpu, 1 threads per core) family 16 model 4 stepping 3, cmov, cx8, fxsr, mmx, sse, sse2, sse3, popcnt, mmxext, 3dnowpref, lzcnt, sse4a, tsc, tscinvbit, tscinv

Memory: 4k page, physical 3669388k(438500k free), swap 3669388k(5148k free)

vm_info: Java HotSpot(TM) 64-Bit Server VM (25.111-b14) for windows-amd64 JRE (1.8.0_111-b14), built on Sep 22 2016 19:24:05 by "java_re" with MS VC++ 10.0 (VS2010)

time: Wed Oct 23 09:30:41 2019
elapsed time: 20 seconds (0d 0h 0m 20s)

